<?xml version="1.0" encoding="UTF-8"?>
<testsuites>
  <testsuite name="fastlane.lanes">
    
    
    
      
      <testcase classname="fastlane.lanes" name="0: default_platform" time="0.010348">
        
      </testcase>
    
      
      <testcase classname="fastlane.lanes" name="1: gradle" time="10.06745">
        
          <failure message="/Library/Ruby/Gems/2.3.0/gems/fastlane-2.126.0/fastlane/lib/fastlane/actions/actions_helper.rb:48:in `execute_action'&#10;/Library/Ruby/Gems/2.3.0/gems/fastlane-2.126.0/fastlane/lib/fastlane/runner.rb:235:in `block in execute_action'&#10;/Library/Ruby/Gems/2.3.0/gems/fastlane-2.126.0/fastlane/lib/fastlane/runner.rb:227:in `chdir'&#10;/Library/Ruby/Gems/2.3.0/gems/fastlane-2.126.0/fastlane/lib/fastlane/runner.rb:227:in `execute_action'&#10;/Library/Ruby/Gems/2.3.0/gems/fastlane-2.126.0/fastlane/lib/fastlane/runner.rb:157:in `trigger_action_by_name'&#10;/Library/Ruby/Gems/2.3.0/gems/fastlane-2.126.0/fastlane/lib/fastlane/fast_file.rb:154:in `method_missing'&#10;Fastfile:27:in `block (2 levels) in parsing_binding'&#10;/Library/Ruby/Gems/2.3.0/gems/fastlane-2.126.0/fastlane/lib/fastlane/lane.rb:33:in `call'&#10;/Library/Ruby/Gems/2.3.0/gems/fastlane-2.126.0/fastlane/lib/fastlane/runner.rb:49:in `block in execute'&#10;/Library/Ruby/Gems/2.3.0/gems/fastlane-2.126.0/fastlane/lib/fastlane/runner.rb:45:in `chdir'&#10;/Library/Ruby/Gems/2.3.0/gems/fastlane-2.126.0/fastlane/lib/fastlane/runner.rb:45:in `execute'&#10;/Library/Ruby/Gems/2.3.0/gems/fastlane-2.126.0/fastlane/lib/fastlane/lane_manager.rb:56:in `cruise_lane'&#10;/Library/Ruby/Gems/2.3.0/gems/fastlane-2.126.0/fastlane/lib/fastlane/command_line_handler.rb:36:in `handle'&#10;/Library/Ruby/Gems/2.3.0/gems/fastlane-2.126.0/fastlane/lib/fastlane/commands_generator.rb:108:in `block (2 levels) in run'&#10;/Library/Ruby/Gems/2.3.0/gems/commander-fastlane-4.4.6/lib/commander/command.rb:178:in `call'&#10;/Library/Ruby/Gems/2.3.0/gems/commander-fastlane-4.4.6/lib/commander/command.rb:153:in `run'&#10;/Library/Ruby/Gems/2.3.0/gems/commander-fastlane-4.4.6/lib/commander/runner.rb:476:in `run_active_command'&#10;/Library/Ruby/Gems/2.3.0/gems/fastlane-2.126.0/fastlane_core/lib/fastlane_core/ui/fastlane_runner.rb:76:in `run!'&#10;/Library/Ruby/Gems/2.3.0/gems/commander-fastlane-4.4.6/lib/commander/delegates.rb:15:in `run!'&#10;/Library/Ruby/Gems/2.3.0/gems/fastlane-2.126.0/fastlane/lib/fastlane/commands_generator.rb:333:in `run'&#10;/Library/Ruby/Gems/2.3.0/gems/fastlane-2.126.0/fastlane/lib/fastlane/commands_generator.rb:41:in `start'&#10;/Library/Ruby/Gems/2.3.0/gems/fastlane-2.126.0/fastlane/lib/fastlane/cli_tools_distributor.rb:119:in `take_off'&#10;/Library/Ruby/Gems/2.3.0/gems/fastlane-2.126.0/bin/fastlane:23:in `&lt;top (required)&gt;'&#10;/usr/local/bin/fastlane:22:in `load'&#10;/usr/local/bin/fastlane:22:in `&lt;main&gt;'&#10;&#10;Exit status of command '/Users/oussamabenwafi/StudioProjects/pivaa/gradlew test -p .' was 1 instead of 0.&#10;&gt; Task :app:preBuild UP-TO-DATE&#10;&gt; Task :app:preDebugBuild&#10;&gt; Task :app:compileDebugAidl NO-SOURCE&#10;&gt; Task :app:compileDebugRenderscript NO-SOURCE&#10;&gt; Task :app:checkDebugManifest&#10;&gt; Task :app:generateDebugBuildConfig&#10;&gt; Task :app:prepareLintJar&#10;&gt; Task :app:generateDebugSources&#10;&gt; Task :app:javaPreCompileDebug&#10;&gt; Task :app:mainApkListPersistenceDebug&#10;&gt; Task :app:generateDebugResValues&#10;&gt; Task :app:generateDebugResources&#10;&gt; Task :app:mergeDebugResources&#10;&gt; Task :app:createDebugCompatibleScreenManifests&#10;&gt; Task :app:processDebugManifest&#10;&gt; Task :app:processDebugResources&#10;&#10;&gt; Task :app:compileDebugJavaWithJavac&#10;warning: [options] source value 7 is obsolete and will be removed in a future release&#10;warning: [options] target value 7 is obsolete and will be removed in a future release&#10;warning: [options] To suppress warnings about obsolete options, use -Xlint:-options.&#10;Note: Some input files use or override a deprecated API.&#10;Note: Recompile with -Xlint:deprecation for details.&#10;Note: /Users/oussamabenwafi/StudioProjects/pivaa/app/src/main/java/com/htbridge/pivaa/handlers/LoadCode.java uses unchecked or unsafe operations.&#10;Note: Recompile with -Xlint:unchecked for details.&#10;3 warnings&#10;&#10;&gt; Task :app:generateDebugUnitTestSources&#10;&gt; Task :app:preDebugUnitTestBuild UP-TO-DATE&#10;&gt; Task :app:javaPreCompileDebugUnitTest&#10;&#10;&gt; Task :app:compileDebugUnitTestJavaWithJavac&#10;warning: [options] source value 7 is obsolete and will be removed in a future release&#10;warning: [options] target value 7 is obsolete and will be removed in a future release&#10;warning: [options] To suppress warnings about obsolete options, use -Xlint:-options.&#10;3 warnings&#10;&#10;&gt; Task :app:processDebugJavaRes NO-SOURCE&#10;&gt; Task :app:processDebugUnitTestJavaRes NO-SOURCE&#10;&#10;&gt; Task :app:testDebugUnitTest FAILED&#10;java.lang.NoClassDefFoundError: jdk/internal/reflect/GeneratedSerializationConstructorAccessor1&#10;	at jdk.internal.reflect.GeneratedSerializationConstructorAccessor1.newInstance(Unknown Source)&#10;	at java.base/java.lang.reflect.Constructor.newInstanceWithCaller(Constructor.java:500)&#10;	at java.base/java.lang.reflect.Constructor.newInstance(Constructor.java:481)&#10;	at java.base/java.io.ObjectStreamClass.newInstance(ObjectStreamClass.java:1081)&#10;	at java.base/java.io.ObjectInputStream.readOrdinaryObject(ObjectInputStream.java:2071)&#10;	at java.base/java.io.ObjectInputStream.readObject0(ObjectInputStream.java:1594)&#10;	at java.base/java.io.ObjectInputStream.readObject(ObjectInputStream.java:430)&#10;	at org.gradle.process.internal.worker.child.SystemApplicationClassLoaderWorker.call(SystemApplicationClassLoaderWorker.java:112)&#10;	at org.gradle.process.internal.worker.child.SystemApplicationClassLoaderWorker.call(SystemApplicationClassLoaderWorker.java:68)&#10;	at worker.org.gradle.process.internal.worker.GradleWorkerMain.run(GradleWorkerMain.java:62)&#10;	at worker.org.gradle.process.internal.worker.GradleWorkerMain.main(GradleWorkerMain.java:67)&#10;Caused by: java.lang.ClassNotFoundException: jdk.internal.reflect.GeneratedSerializationConstructorAccessor1&#10;	at java.base/java.net.URLClassLoader.findClass(URLClassLoader.java:436)&#10;	at java.base/java.lang.ClassLoader.loadClass(ClassLoader.java:588)&#10;	at java.base/java.lang.ClassLoader.loadClass(ClassLoader.java:521)&#10;	... 11 more&#10;null&#10;java.lang.NullPointerException&#10;	at org.gradle.api.internal.tasks.testing.worker.ForkingTestClassProcessor.stop(ForkingTestClassProcessor.java:166)&#10;	at org.gradle.api.internal.tasks.testing.processors.RestartEveryNTestClassProcessor.endBatch(RestartEveryNTestClassProcessor.java:77)&#10;	at org.gradle.api.internal.tasks.testing.processors.RestartEveryNTestClassProcessor.stop(RestartEveryNTestClassProcessor.java:62)&#10;	at java.base/jdk.internal.reflect.NativeMethodAccessorImpl.invoke0(Native Method)&#10;	at java.base/jdk.internal.reflect.NativeMethodAccessorImpl.invoke(NativeMethodAccessorImpl.java:62)&#10;	at java.base/jdk.internal.reflect.DelegatingMethodAccessorImpl.invoke(DelegatingMethodAccessorImpl.java:43)&#10;	at java.base/java.lang.reflect.Method.invoke(Method.java:567)&#10;	at org.gradle.internal.dispatch.ReflectionDispatch.dispatch(ReflectionDispatch.java:35)&#10;	at org.gradle.internal.dispatch.ReflectionDispatch.dispatch(ReflectionDispatch.java:24)&#10;	at org.gradle.internal.dispatch.FailureHandlingDispatch.dispatch(FailureHandlingDispatch.java:29)&#10;	at org.gradle.internal.dispatch.AsyncDispatch.dispatchMessages(AsyncDispatch.java:87)&#10;	at org.gradle.internal.dispatch.AsyncDispatch.access$000(AsyncDispatch.java:36)&#10;	at org.gradle.internal.dispatch.AsyncDispatch$1.run(AsyncDispatch.java:71)&#10;	at org.gradle.internal.concurrent.InterruptibleRunnable.run(InterruptibleRunnable.java:42)&#10;	at org.gradle.internal.operations.CurrentBuildOperationPreservingRunnable.run(CurrentBuildOperationPreservingRunnable.java:42)&#10;	at org.gradle.internal.concurrent.ExecutorPolicy$CatchAndRecordFailures.onExecute(ExecutorPolicy.java:63)&#10;	at org.gradle.internal.concurrent.ManagedExecutorImpl$1.run(ManagedExecutorImpl.java:46)&#10;	at java.base/java.util.concurrent.ThreadPoolExecutor.runWorker(ThreadPoolExecutor.java:1128)&#10;	at java.base/java.util.concurrent.ThreadPoolExecutor$Worker.run(ThreadPoolExecutor.java:628)&#10;	at org.gradle.internal.concurrent.ThreadFactoryImpl$ManagedThreadRunnable.run(ThreadFactoryImpl.java:55)&#10;	at java.base/java.lang.Thread.run(Thread.java:835)&#10;&#10;FAILURE: Build failed with an exception.&#10;&#10;* What went wrong:&#10;Execution failed for task ':app:testDebugUnitTest'.&#10;&gt; Process 'Gradle Test Executor 2' finished with non-zero exit value 1&#10;&#10;* Try:&#10;Run with --stacktrace option to get the stack trace. Run with --info or --debug option to get more log output. Run with --scan to get full insights.&#10;&#10;* Get more help at https://help.gradle.org&#10;&#10;Deprecated Gradle features were used in this build, making it incompatible with Gradle 6.0.&#10;Use '--warning-mode all' to show the individual deprecation warnings.&#10;See https://docs.gradle.org/5.1.1/userguide/command_line_interface.html#sec:command_line_warnings&#10;&#10;BUILD FAILED in 9s&#10;15 actionable tasks: 15 executed&#10;" />
        
      </testcase>
    
      
      <testcase classname="fastlane.lanes" name="2: reset_git_repo" time="0.157092">
        
      </testcase>
    
      
      <testcase classname="fastlane.lanes" name="3: slack" time="0.663113">
        
      </testcase>
    
  </testsuite>
</testsuites>
